[0.233s] DEBUG:colcon:Command line arguments: ['/usr/bin/colcon', 'build', '--packages-select', 'tourbot_mission', '--symlink-install']
[0.233s] DEBUG:colcon:Parsed command line arguments: Namespace(log_base=None, log_level=None, verb_name='build', build_base='build', install_base='install', merge_install=False, symlink_install=True, test_result_base=None, continue_on_error=False, executor='parallel', parallel_workers=16, event_handlers=None, ignore_user_meta=False, metas=['./colcon.meta'], base_paths=['.'], packages_ignore=None, packages_ignore_regex=None, paths=None, packages_up_to=None, packages_up_to_regex=None, packages_above=None, packages_above_and_dependencies=None, packages_above_depth=None, packages_select_by_dep=None, packages_skip_by_dep=None, packages_skip_up_to=None, packages_select_build_failed=False, packages_skip_build_finished=False, packages_select_test_failures=False, packages_skip_test_passed=False, packages_select=['tourbot_mission'], packages_skip=None, packages_select_regex=None, packages_skip_regex=None, packages_start=None, packages_end=None, allow_overriding=[], cmake_args=None, cmake_target=None, cmake_target_skip_unavailable=False, cmake_clean_cache=False, cmake_clean_first=False, cmake_force_configure=False, ament_cmake_args=None, catkin_cmake_args=None, catkin_skip_building_tests=False, mixin_files=None, mixin=None, verb_parser=<colcon_mixin.mixin.mixin_argument.MixinArgumentDecorator object at 0x7a295520f5f0>, verb_extension=<colcon_core.verb.build.BuildVerb object at 0x7a295520f1d0>, main=<bound method BuildVerb.main of <colcon_core.verb.build.BuildVerb object at 0x7a295520f1d0>>, mixin_verb=('build',))
[0.304s] Level 1:colcon.colcon_core.package_discovery:discover_packages(colcon_meta) check parameters
[0.305s] Level 1:colcon.colcon_core.package_discovery:discover_packages(recursive) check parameters
[0.305s] Level 1:colcon.colcon_core.package_discovery:discover_packages(ignore) check parameters
[0.305s] Level 1:colcon.colcon_core.package_discovery:discover_packages(path) check parameters
[0.305s] Level 1:colcon.colcon_core.package_discovery:discover_packages(colcon_meta) discover
[0.305s] Level 1:colcon.colcon_core.package_discovery:discover_packages(recursive) discover
[0.305s] INFO:colcon.colcon_core.package_discovery:Crawling recursively for packages in '/home/hyde/School/Intelligent-Robotics/tour_guide_robot'
[0.305s] Level 1:colcon.colcon_core.package_identification:_identify(.) by extensions ['ignore', 'ignore_ament_install']
[0.305s] Level 1:colcon.colcon_core.package_identification:_identify(.) by extension 'ignore'
[0.305s] Level 1:colcon.colcon_core.package_identification:_identify(.) by extension 'ignore_ament_install'
[0.305s] Level 1:colcon.colcon_core.package_identification:_identify(.) by extensions ['colcon_pkg']
[0.305s] Level 1:colcon.colcon_core.package_identification:_identify(.) by extension 'colcon_pkg'
[0.305s] Level 1:colcon.colcon_core.package_identification:_identify(.) by extensions ['colcon_meta']
[0.305s] Level 1:colcon.colcon_core.package_identification:_identify(.) by extension 'colcon_meta'
[0.305s] Level 1:colcon.colcon_core.package_identification:_identify(.) by extensions ['ros']
[0.305s] Level 1:colcon.colcon_core.package_identification:_identify(.) by extension 'ros'
[0.345s] Level 1:colcon.colcon_core.package_identification:_identify(.) by extensions ['cmake', 'python']
[0.345s] Level 1:colcon.colcon_core.package_identification:_identify(.) by extension 'cmake'
[0.345s] Level 1:colcon.colcon_core.package_identification:_identify(.) by extension 'python'
[0.345s] Level 1:colcon.colcon_core.package_identification:_identify(.) by extensions ['python_setup_py']
[0.345s] Level 1:colcon.colcon_core.package_identification:_identify(.) by extension 'python_setup_py'
[0.345s] Level 1:colcon.colcon_core.package_identification:_identify(build) by extensions ['ignore', 'ignore_ament_install']
[0.345s] Level 1:colcon.colcon_core.package_identification:_identify(build) by extension 'ignore'
[0.345s] Level 1:colcon.colcon_core.package_identification:_identify(build) ignored
[0.345s] Level 1:colcon.colcon_core.package_identification:_identify(install) by extensions ['ignore', 'ignore_ament_install']
[0.346s] Level 1:colcon.colcon_core.package_identification:_identify(install) by extension 'ignore'
[0.346s] Level 1:colcon.colcon_core.package_identification:_identify(install) ignored
[0.346s] Level 1:colcon.colcon_core.package_identification:_identify(log) by extensions ['ignore', 'ignore_ament_install']
[0.346s] Level 1:colcon.colcon_core.package_identification:_identify(log) by extension 'ignore'
[0.346s] Level 1:colcon.colcon_core.package_identification:_identify(log) ignored
[0.346s] Level 1:colcon.colcon_core.package_identification:_identify(src) by extensions ['ignore', 'ignore_ament_install']
[0.346s] Level 1:colcon.colcon_core.package_identification:_identify(src) by extension 'ignore'
[0.346s] Level 1:colcon.colcon_core.package_identification:_identify(src) by extension 'ignore_ament_install'
[0.346s] Level 1:colcon.colcon_core.package_identification:_identify(src) by extensions ['colcon_pkg']
[0.346s] Level 1:colcon.colcon_core.package_identification:_identify(src) by extension 'colcon_pkg'
[0.346s] Level 1:colcon.colcon_core.package_identification:_identify(src) by extensions ['colcon_meta']
[0.346s] Level 1:colcon.colcon_core.package_identification:_identify(src) by extension 'colcon_meta'
[0.346s] Level 1:colcon.colcon_core.package_identification:_identify(src) by extensions ['ros']
[0.346s] Level 1:colcon.colcon_core.package_identification:_identify(src) by extension 'ros'
[0.346s] Level 1:colcon.colcon_core.package_identification:_identify(src) by extensions ['cmake', 'python']
[0.346s] Level 1:colcon.colcon_core.package_identification:_identify(src) by extension 'cmake'
[0.346s] Level 1:colcon.colcon_core.package_identification:_identify(src) by extension 'python'
[0.346s] Level 1:colcon.colcon_core.package_identification:_identify(src) by extensions ['python_setup_py']
[0.347s] Level 1:colcon.colcon_core.package_identification:_identify(src) by extension 'python_setup_py'
[0.347s] Level 1:colcon.colcon_core.package_identification:_identify(src/tourbot_bringup) by extensions ['ignore', 'ignore_ament_install']
[0.347s] Level 1:colcon.colcon_core.package_identification:_identify(src/tourbot_bringup) by extension 'ignore'
[0.347s] Level 1:colcon.colcon_core.package_identification:_identify(src/tourbot_bringup) by extension 'ignore_ament_install'
[0.347s] Level 1:colcon.colcon_core.package_identification:_identify(src/tourbot_bringup) by extensions ['colcon_pkg']
[0.347s] Level 1:colcon.colcon_core.package_identification:_identify(src/tourbot_bringup) by extension 'colcon_pkg'
[0.347s] Level 1:colcon.colcon_core.package_identification:_identify(src/tourbot_bringup) by extensions ['colcon_meta']
[0.347s] Level 1:colcon.colcon_core.package_identification:_identify(src/tourbot_bringup) by extension 'colcon_meta'
[0.347s] Level 1:colcon.colcon_core.package_identification:_identify(src/tourbot_bringup) by extensions ['ros']
[0.347s] Level 1:colcon.colcon_core.package_identification:_identify(src/tourbot_bringup) by extension 'ros'
[0.350s] DEBUG:colcon.colcon_core.package_identification:Package 'src/tourbot_bringup' with type 'ros.ament_python' and name 'tourbot_bringup'
[0.350s] Level 1:colcon.colcon_core.package_identification:_identify(src/tourbot_interfaces) by extensions ['ignore', 'ignore_ament_install']
[0.350s] Level 1:colcon.colcon_core.package_identification:_identify(src/tourbot_interfaces) by extension 'ignore'
[0.350s] Level 1:colcon.colcon_core.package_identification:_identify(src/tourbot_interfaces) by extension 'ignore_ament_install'
[0.350s] Level 1:colcon.colcon_core.package_identification:_identify(src/tourbot_interfaces) by extensions ['colcon_pkg']
[0.350s] Level 1:colcon.colcon_core.package_identification:_identify(src/tourbot_interfaces) by extension 'colcon_pkg'
[0.350s] Level 1:colcon.colcon_core.package_identification:_identify(src/tourbot_interfaces) by extensions ['colcon_meta']
[0.350s] Level 1:colcon.colcon_core.package_identification:_identify(src/tourbot_interfaces) by extension 'colcon_meta'
[0.350s] Level 1:colcon.colcon_core.package_identification:_identify(src/tourbot_interfaces) by extensions ['ros']
[0.350s] Level 1:colcon.colcon_core.package_identification:_identify(src/tourbot_interfaces) by extension 'ros'
[0.351s] DEBUG:colcon.colcon_core.package_identification:Package 'src/tourbot_interfaces' with type 'ros.ament_cmake' and name 'tourbot_interfaces'
[0.351s] Level 1:colcon.colcon_core.package_identification:_identify(src/tourbot_landmarks) by extensions ['ignore', 'ignore_ament_install']
[0.351s] Level 1:colcon.colcon_core.package_identification:_identify(src/tourbot_landmarks) by extension 'ignore'
[0.351s] Level 1:colcon.colcon_core.package_identification:_identify(src/tourbot_landmarks) by extension 'ignore_ament_install'
[0.351s] Level 1:colcon.colcon_core.package_identification:_identify(src/tourbot_landmarks) by extensions ['colcon_pkg']
[0.351s] Level 1:colcon.colcon_core.package_identification:_identify(src/tourbot_landmarks) by extension 'colcon_pkg'
[0.351s] Level 1:colcon.colcon_core.package_identification:_identify(src/tourbot_landmarks) by extensions ['colcon_meta']
[0.351s] Level 1:colcon.colcon_core.package_identification:_identify(src/tourbot_landmarks) by extension 'colcon_meta'
[0.351s] Level 1:colcon.colcon_core.package_identification:_identify(src/tourbot_landmarks) by extensions ['ros']
[0.351s] Level 1:colcon.colcon_core.package_identification:_identify(src/tourbot_landmarks) by extension 'ros'
[0.352s] DEBUG:colcon.colcon_core.package_identification:Package 'src/tourbot_landmarks' with type 'ros.ament_python' and name 'tourbot_landmarks'
[0.352s] Level 1:colcon.colcon_core.package_identification:_identify(src/tourbot_mission) by extensions ['ignore', 'ignore_ament_install']
[0.352s] Level 1:colcon.colcon_core.package_identification:_identify(src/tourbot_mission) by extension 'ignore'
[0.352s] Level 1:colcon.colcon_core.package_identification:_identify(src/tourbot_mission) by extension 'ignore_ament_install'
[0.352s] Level 1:colcon.colcon_core.package_identification:_identify(src/tourbot_mission) by extensions ['colcon_pkg']
[0.352s] Level 1:colcon.colcon_core.package_identification:_identify(src/tourbot_mission) by extension 'colcon_pkg'
[0.352s] Level 1:colcon.colcon_core.package_identification:_identify(src/tourbot_mission) by extensions ['colcon_meta']
[0.352s] Level 1:colcon.colcon_core.package_identification:_identify(src/tourbot_mission) by extension 'colcon_meta'
[0.352s] Level 1:colcon.colcon_core.package_identification:_identify(src/tourbot_mission) by extensions ['ros']
[0.352s] Level 1:colcon.colcon_core.package_identification:_identify(src/tourbot_mission) by extension 'ros'
[0.353s] DEBUG:colcon.colcon_core.package_identification:Package 'src/tourbot_mission' with type 'ros.ament_python' and name 'tourbot_mission'
[0.353s] Level 1:colcon.colcon_core.package_discovery:discover_packages(recursive) using defaults
[0.353s] Level 1:colcon.colcon_core.package_discovery:discover_packages(ignore) discover
[0.353s] Level 1:colcon.colcon_core.package_discovery:discover_packages(ignore) using defaults
[0.353s] Level 1:colcon.colcon_core.package_discovery:discover_packages(path) discover
[0.353s] Level 1:colcon.colcon_core.package_discovery:discover_packages(path) using defaults
[0.415s] INFO:colcon.colcon_core.package_selection:Skipping not selected package 'tourbot_bringup' in 'src/tourbot_bringup'
[0.415s] INFO:colcon.colcon_core.package_selection:Skipping not selected package 'tourbot_interfaces' in 'src/tourbot_interfaces'
[0.415s] INFO:colcon.colcon_core.package_selection:Skipping not selected package 'tourbot_landmarks' in 'src/tourbot_landmarks'
[0.416s] Level 1:colcon.colcon_core.package_discovery:discover_packages(prefix_path) check parameters
[0.416s] Level 1:colcon.colcon_core.package_discovery:discover_packages(prefix_path) discover
[0.417s] WARNING:colcon.colcon_ros.prefix_path.ament:The path '/home/hyde/School/Intelligent-Robotics/tour_guide_robot/install/tourbot_mission' in the environment variable AMENT_PREFIX_PATH doesn't exist
[0.426s] DEBUG:colcon.colcon_installed_package_information.package_discovery:Found 0 installed packages in /home/hyde/School/Intelligent-Robotics/tour_guide_robot/install
[0.435s] DEBUG:colcon.colcon_installed_package_information.package_discovery:Found 366 installed packages in /home/hyde/.ros2_jazzy/install
[0.438s] DEBUG:colcon.colcon_installed_package_information.package_discovery:Found 401 installed packages in /opt/ros/jazzy
[0.445s] Level 1:colcon.colcon_core.package_discovery:discover_packages(prefix_path) using defaults
[0.524s] Level 5:colcon.colcon_core.verb:set package 'tourbot_mission' build argument 'cmake_args' from command line to 'None'
[0.524s] Level 5:colcon.colcon_core.verb:set package 'tourbot_mission' build argument 'cmake_target' from command line to 'None'
[0.524s] Level 5:colcon.colcon_core.verb:set package 'tourbot_mission' build argument 'cmake_target_skip_unavailable' from command line to 'False'
[0.524s] Level 5:colcon.colcon_core.verb:set package 'tourbot_mission' build argument 'cmake_clean_cache' from command line to 'False'
[0.524s] Level 5:colcon.colcon_core.verb:set package 'tourbot_mission' build argument 'cmake_clean_first' from command line to 'False'
[0.524s] Level 5:colcon.colcon_core.verb:set package 'tourbot_mission' build argument 'cmake_force_configure' from command line to 'False'
[0.524s] Level 5:colcon.colcon_core.verb:set package 'tourbot_mission' build argument 'ament_cmake_args' from command line to 'None'
[0.524s] Level 5:colcon.colcon_core.verb:set package 'tourbot_mission' build argument 'catkin_cmake_args' from command line to 'None'
[0.524s] Level 5:colcon.colcon_core.verb:set package 'tourbot_mission' build argument 'catkin_skip_building_tests' from command line to 'False'
[0.524s] DEBUG:colcon.colcon_core.verb:Building package 'tourbot_mission' with the following arguments: {'ament_cmake_args': None, 'build_base': '/home/hyde/School/Intelligent-Robotics/tour_guide_robot/build/tourbot_mission', 'catkin_cmake_args': None, 'catkin_skip_building_tests': False, 'cmake_args': None, 'cmake_clean_cache': False, 'cmake_clean_first': False, 'cmake_force_configure': False, 'cmake_target': None, 'cmake_target_skip_unavailable': False, 'install_base': '/home/hyde/School/Intelligent-Robotics/tour_guide_robot/install/tourbot_mission', 'merge_install': False, 'path': '/home/hyde/School/Intelligent-Robotics/tour_guide_robot/src/tourbot_mission', 'symlink_install': True, 'test_result_base': None}
[0.524s] INFO:colcon.colcon_core.executor:Executing jobs using 'parallel' executor
[0.526s] DEBUG:colcon.colcon_parallel_executor.executor.parallel:run_until_complete
[0.526s] INFO:colcon.colcon_ros.task.ament_python.build:Building ROS package in '/home/hyde/School/Intelligent-Robotics/tour_guide_robot/src/tourbot_mission' with build type 'ament_python'
[0.526s] Level 1:colcon.colcon_core.shell:create_environment_hook('tourbot_mission', 'ament_prefix_path')
[0.535s] INFO:colcon.colcon_core.plugin_system:Skipping extension 'colcon_core.shell.bat': Not used on non-Windows systems
[0.536s] INFO:colcon.colcon_core.shell:Creating environment hook '/home/hyde/School/Intelligent-Robotics/tour_guide_robot/install/tourbot_mission/share/tourbot_mission/hook/ament_prefix_path.ps1'
[0.537s] INFO:colcon.colcon_core.shell:Creating environment descriptor '/home/hyde/School/Intelligent-Robotics/tour_guide_robot/install/tourbot_mission/share/tourbot_mission/hook/ament_prefix_path.dsv'
[0.537s] INFO:colcon.colcon_core.shell:Creating environment hook '/home/hyde/School/Intelligent-Robotics/tour_guide_robot/install/tourbot_mission/share/tourbot_mission/hook/ament_prefix_path.sh'
[0.538s] INFO:colcon.colcon_core.shell:Skip shell extension 'powershell' for command environment: Not usable outside of PowerShell
[0.538s] DEBUG:colcon.colcon_core.shell:Skip shell extension 'dsv' for command environment
[1.182s] INFO:colcon.colcon_core.task.python.build:Building Python package in '/home/hyde/School/Intelligent-Robotics/tour_guide_robot/src/tourbot_mission'
[1.182s] INFO:colcon.colcon_core.shell:Skip shell extension 'powershell' for command environment: Not usable outside of PowerShell
[1.182s] DEBUG:colcon.colcon_core.shell:Skip shell extension 'dsv' for command environment
[2.628s] DEBUG:colcon.colcon_core.event_handler.log_command:Invoking command in '/home/hyde/School/Intelligent-Robotics/tour_guide_robot/build/tourbot_mission': DEBUGINFOD_URLS=https://debuginfod.ubuntu.com PS1=(.venv) > $_LIBERTY PYTHONPATH=/home/hyde/School/Intelligent-Robotics/tour_guide_robot/build/tourbot_mission/prefix_override:/usr/lib/python3/dist-packages/colcon_core/task/python/colcon_distutils_commands:/home/hyde/School/Intelligent-Robotics/tour_guide_robot/install/tourbot_mission/lib/python3.12/site-packages:${PYTHONPATH} VIRTUAL_ENV_PROMPT=(.venv) /usr/bin/python3 -W ignore:setup.py install is deprecated -W ignore:easy_install command is deprecated setup.py develop --editable --build-directory /home/hyde/School/Intelligent-Robotics/tour_guide_robot/build/tourbot_mission/build --no-deps symlink_data
[3.980s] Level 1:colcon.colcon_core.shell:create_environment_hook('tourbot_mission', 'pythonpath_develop')
[3.980s] INFO:colcon.colcon_core.shell:Creating environment hook '/home/hyde/School/Intelligent-Robotics/tour_guide_robot/build/tourbot_mission/share/tourbot_mission/hook/pythonpath_develop.ps1'
[3.983s] DEBUG:colcon.colcon_core.event_handler.log_command:Invoked command in '/home/hyde/School/Intelligent-Robotics/tour_guide_robot/build/tourbot_mission' returned '0': DEBUGINFOD_URLS=https://debuginfod.ubuntu.com PS1=(.venv) > $_LIBERTY PYTHONPATH=/home/hyde/School/Intelligent-Robotics/tour_guide_robot/build/tourbot_mission/prefix_override:/usr/lib/python3/dist-packages/colcon_core/task/python/colcon_distutils_commands:/home/hyde/School/Intelligent-Robotics/tour_guide_robot/install/tourbot_mission/lib/python3.12/site-packages:${PYTHONPATH} VIRTUAL_ENV_PROMPT=(.venv) /usr/bin/python3 -W ignore:setup.py install is deprecated -W ignore:easy_install command is deprecated setup.py develop --editable --build-directory /home/hyde/School/Intelligent-Robotics/tour_guide_robot/build/tourbot_mission/build --no-deps symlink_data
[3.984s] INFO:colcon.colcon_core.shell:Creating environment descriptor '/home/hyde/School/Intelligent-Robotics/tour_guide_robot/build/tourbot_mission/share/tourbot_mission/hook/pythonpath_develop.dsv'
[3.986s] INFO:colcon.colcon_core.shell:Creating environment hook '/home/hyde/School/Intelligent-Robotics/tour_guide_robot/build/tourbot_mission/share/tourbot_mission/hook/pythonpath_develop.sh'
[4.009s] Level 1:colcon.colcon_core.environment:checking '/home/hyde/School/Intelligent-Robotics/tour_guide_robot/install/tourbot_mission' for CMake module files
[4.011s] Level 1:colcon.colcon_core.environment:checking '/home/hyde/School/Intelligent-Robotics/tour_guide_robot/install/tourbot_mission' for CMake config files
[4.013s] Level 1:colcon.colcon_core.environment:checking '/home/hyde/School/Intelligent-Robotics/tour_guide_robot/install/tourbot_mission/lib'
[4.014s] Level 1:colcon.colcon_core.environment:checking '/home/hyde/School/Intelligent-Robotics/tour_guide_robot/install/tourbot_mission/bin'
[4.015s] Level 1:colcon.colcon_core.environment:checking '/home/hyde/School/Intelligent-Robotics/tour_guide_robot/install/tourbot_mission/lib/pkgconfig/tourbot_mission.pc'
[4.015s] Level 1:colcon.colcon_core.environment:checking '/home/hyde/School/Intelligent-Robotics/tour_guide_robot/install/tourbot_mission/lib/python3.12/site-packages'
[4.016s] Level 1:colcon.colcon_core.shell:create_environment_hook('tourbot_mission', 'pythonpath')
[4.017s] INFO:colcon.colcon_core.shell:Creating environment hook '/home/hyde/School/Intelligent-Robotics/tour_guide_robot/install/tourbot_mission/share/tourbot_mission/hook/pythonpath.ps1'
[4.019s] INFO:colcon.colcon_core.shell:Creating environment descriptor '/home/hyde/School/Intelligent-Robotics/tour_guide_robot/install/tourbot_mission/share/tourbot_mission/hook/pythonpath.dsv'
[4.020s] INFO:colcon.colcon_core.shell:Creating environment hook '/home/hyde/School/Intelligent-Robotics/tour_guide_robot/install/tourbot_mission/share/tourbot_mission/hook/pythonpath.sh'
[4.022s] Level 1:colcon.colcon_core.environment:checking '/home/hyde/School/Intelligent-Robotics/tour_guide_robot/install/tourbot_mission/bin'
[4.022s] Level 1:colcon.colcon_core.environment:create_environment_scripts_only(tourbot_mission)
[4.023s] INFO:colcon.colcon_core.shell:Creating package script '/home/hyde/School/Intelligent-Robotics/tour_guide_robot/install/tourbot_mission/share/tourbot_mission/package.ps1'
[4.028s] INFO:colcon.colcon_core.shell:Creating package descriptor '/home/hyde/School/Intelligent-Robotics/tour_guide_robot/install/tourbot_mission/share/tourbot_mission/package.dsv'
[4.030s] INFO:colcon.colcon_core.shell:Creating package script '/home/hyde/School/Intelligent-Robotics/tour_guide_robot/install/tourbot_mission/share/tourbot_mission/package.sh'
[4.032s] INFO:colcon.colcon_core.shell:Creating package script '/home/hyde/School/Intelligent-Robotics/tour_guide_robot/install/tourbot_mission/share/tourbot_mission/package.bash'
[4.035s] INFO:colcon.colcon_core.shell:Creating package script '/home/hyde/School/Intelligent-Robotics/tour_guide_robot/install/tourbot_mission/share/tourbot_mission/package.zsh'
[4.037s] Level 1:colcon.colcon_core.environment:create_file_with_runtime_dependencies(/home/hyde/School/Intelligent-Robotics/tour_guide_robot/install/tourbot_mission/share/colcon-core/packages/tourbot_mission)
[4.039s] DEBUG:colcon.colcon_parallel_executor.executor.parallel:closing loop
[4.040s] DEBUG:colcon.colcon_parallel_executor.executor.parallel:loop closed
[4.040s] DEBUG:colcon.colcon_parallel_executor.executor.parallel:run_until_complete finished with '0'
[4.040s] DEBUG:colcon.colcon_core.event_reactor:joining thread
[4.057s] INFO:colcon.colcon_core.plugin_system:Skipping extension 'colcon_notification.desktop_notification.terminal_notifier': Not used on non-Darwin systems
[4.058s] INFO:colcon.colcon_core.plugin_system:Skipping extension 'colcon_notification.desktop_notification.win32': Not used on non-Windows systems
[4.058s] INFO:colcon.colcon_notification.desktop_notification:Sending desktop notification using 'notify2'
[4.085s] DEBUG:colcon.colcon_core.event_reactor:joined thread
[4.085s] INFO:colcon.colcon_core.shell:Creating prefix script '/home/hyde/School/Intelligent-Robotics/tour_guide_robot/install/local_setup.ps1'
[4.086s] INFO:colcon.colcon_core.shell:Creating prefix util module '/home/hyde/School/Intelligent-Robotics/tour_guide_robot/install/_local_setup_util_ps1.py'
[4.088s] INFO:colcon.colcon_core.shell:Creating prefix chain script '/home/hyde/School/Intelligent-Robotics/tour_guide_robot/install/setup.ps1'
[4.098s] INFO:colcon.colcon_core.shell:Creating prefix script '/home/hyde/School/Intelligent-Robotics/tour_guide_robot/install/local_setup.sh'
[4.098s] INFO:colcon.colcon_core.shell:Creating prefix util module '/home/hyde/School/Intelligent-Robotics/tour_guide_robot/install/_local_setup_util_sh.py'
[4.099s] INFO:colcon.colcon_core.shell:Creating prefix chain script '/home/hyde/School/Intelligent-Robotics/tour_guide_robot/install/setup.sh'
[4.108s] INFO:colcon.colcon_core.shell:Creating prefix script '/home/hyde/School/Intelligent-Robotics/tour_guide_robot/install/local_setup.bash'
[4.109s] INFO:colcon.colcon_core.shell:Creating prefix chain script '/home/hyde/School/Intelligent-Robotics/tour_guide_robot/install/setup.bash'
[4.119s] INFO:colcon.colcon_core.shell:Creating prefix script '/home/hyde/School/Intelligent-Robotics/tour_guide_robot/install/local_setup.zsh'
[4.119s] INFO:colcon.colcon_core.shell:Creating prefix chain script '/home/hyde/School/Intelligent-Robotics/tour_guide_robot/install/setup.zsh'
