[1.726s] Invoking command in '/home/hyde/School/Intelligent-Robotics/tour_guide_robot/build/tourbot_mission': DEBUGINFOD_URLS=https://debuginfod.ubuntu.com PS1=(.venv) > $_LIBERTY PYTHONPATH=/home/hyde/School/Intelligent-Robotics/tour_guide_robot/build/tourbot_mission/prefix_override:/usr/lib/python3/dist-packages/colcon_core/task/python/colcon_distutils_commands:/home/hyde/School/Intelligent-Robotics/tour_guide_robot/install/tourbot_mission/lib/python3.12/site-packages:${PYTHONPATH} VIRTUAL_ENV_PROMPT=(.venv) /usr/bin/python3 -W ignore:setup.py install is deprecated -W ignore:easy_install command is deprecated setup.py develop --editable --build-directory /home/hyde/School/Intelligent-Robotics/tour_guide_robot/build/tourbot_mission/build --no-deps symlink_data
[2.427s] running develop
[2.714s] /usr/lib/python3/dist-packages/setuptools/command/easy_install.py:363: UserWarning: Unbuilt egg for pytest-repeat [unknown version] (/usr/lib/python3/dist-packages)
[2.715s]   self.local_index = Environment(self.shadow_path + sys.path)
[2.787s] running egg_info
[2.819s] writing tourbot_mission.egg-info/PKG-INFO
[2.820s] writing dependency_links to tourbot_mission.egg-info/dependency_links.txt
[2.820s] writing entry points to tourbot_mission.egg-info/entry_points.txt
[2.820s] writing requirements to tourbot_mission.egg-info/requires.txt
[2.820s] writing top-level names to tourbot_mission.egg-info/top_level.txt
[2.886s] reading manifest file 'tourbot_mission.egg-info/SOURCES.txt'
[2.886s] writing manifest file 'tourbot_mission.egg-info/SOURCES.txt'
[2.924s] running build_ext
[2.925s] Creating /home/hyde/School/Intelligent-Robotics/tour_guide_robot/install/tourbot_mission/lib/python3.12/site-packages/tourbot-mission.egg-link (link to .)
[2.925s] Installing door_detector_node script to /home/hyde/School/Intelligent-Robotics/tour_guide_robot/install/tourbot_mission/lib/tourbot_mission
[2.925s] Installing tour_deliberation_node script to /home/hyde/School/Intelligent-Robotics/tour_guide_robot/install/tourbot_mission/lib/tourbot_mission
[2.927s] 
[2.927s] Installed /home/hyde/School/Intelligent-Robotics/tour_guide_robot/build/tourbot_mission
[2.927s] running symlink_data
[2.973s] Invoked command in '/home/hyde/School/Intelligent-Robotics/tour_guide_robot/build/tourbot_mission' returned '0': DEBUGINFOD_URLS=https://debuginfod.ubuntu.com PS1=(.venv) > $_LIBERTY PYTHONPATH=/home/hyde/School/Intelligent-Robotics/tour_guide_robot/build/tourbot_mission/prefix_override:/usr/lib/python3/dist-packages/colcon_core/task/python/colcon_distutils_commands:/home/hyde/School/Intelligent-Robotics/tour_guide_robot/install/tourbot_mission/lib/python3.12/site-packages:${PYTHONPATH} VIRTUAL_ENV_PROMPT=(.venv) /usr/bin/python3 -W ignore:setup.py install is deprecated -W ignore:easy_install command is deprecated setup.py develop --editable --build-directory /home/hyde/School/Intelligent-Robotics/tour_guide_robot/build/tourbot_mission/build --no-deps symlink_data
