[0.233s] DEBUG:colcon:Command line arguments: ['/usr/bin/colcon', 'build', '--packages-select', 'tourbot_mission']
[0.234s] DEBUG:colcon:Parsed command line arguments: Namespace(log_base=None, log_level=None, verb_name='build', build_base='build', install_base='install', merge_install=False, symlink_install=False, test_result_base=None, continue_on_error=False, executor='parallel', parallel_workers=16, event_handlers=None, ignore_user_meta=False, metas=['./colcon.meta'], base_paths=['.'], packages_ignore=None, packages_ignore_regex=None, paths=None, packages_up_to=None, packages_up_to_regex=None, packages_above=None, packages_above_and_dependencies=None, packages_above_depth=None, packages_select_by_dep=None, packages_skip_by_dep=None, packages_skip_up_to=None, packages_select_build_failed=False, packages_skip_build_finished=False, packages_select_test_failures=False, packages_skip_test_passed=False, packages_select=['tourbot_mission'], packages_skip=None, packages_select_regex=None, packages_skip_regex=None, packages_start=None, packages_end=None, allow_overriding=[], cmake_args=None, cmake_target=None, cmake_target_skip_unavailable=False, cmake_clean_cache=False, cmake_clean_first=False, cmake_force_configure=False, ament_cmake_args=None, catkin_cmake_args=None, catkin_skip_building_tests=False, mixin_files=None, mixin=None, verb_parser=<colcon_mixin.mixin.mixin_argument.MixinArgumentDecorator object at 0x75b0fef337a0>, verb_extension=<colcon_core.verb.build.BuildVerb object at 0x75b0fef332f0>, main=<bound method BuildVerb.main of <colcon_core.verb.build.BuildVerb object at 0x75b0fef332f0>>, mixin_verb=('build',))
[0.310s] Level 1:colcon.colcon_core.package_discovery:discover_packages(colcon_meta) check parameters
[0.310s] Level 1:colcon.colcon_core.package_discovery:discover_packages(recursive) check parameters
[0.310s] Level 1:colcon.colcon_core.package_discovery:discover_packages(ignore) check parameters
[0.310s] Level 1:colcon.colcon_core.package_discovery:discover_packages(path) check parameters
[0.310s] Level 1:colcon.colcon_core.package_discovery:discover_packages(colcon_meta) discover
[0.311s] Level 1:colcon.colcon_core.package_discovery:discover_packages(recursive) discover
[0.311s] INFO:colcon.colcon_core.package_discovery:Crawling recursively for packages in '/home/hyde/School/Intelligent-Robotics/tour_guide_robot'
[0.311s] Level 1:colcon.colcon_core.package_identification:_identify(.) by extensions ['ignore', 'ignore_ament_install']
[0.311s] Level 1:colcon.colcon_core.package_identification:_identify(.) by extension 'ignore'
[0.311s] Level 1:colcon.colcon_core.package_identification:_identify(.) by extension 'ignore_ament_install'
[0.311s] Level 1:colcon.colcon_core.package_identification:_identify(.) by extensions ['colcon_pkg']
[0.311s] Level 1:colcon.colcon_core.package_identification:_identify(.) by extension 'colcon_pkg'
[0.311s] Level 1:colcon.colcon_core.package_identification:_identify(.) by extensions ['colcon_meta']
[0.311s] Level 1:colcon.colcon_core.package_identification:_identify(.) by extension 'colcon_meta'
[0.311s] Level 1:colcon.colcon_core.package_identification:_identify(.) by extensions ['ros']
[0.311s] Level 1:colcon.colcon_core.package_identification:_identify(.) by extension 'ros'
[0.351s] Level 1:colcon.colcon_core.package_identification:_identify(.) by extensions ['cmake', 'python']
[0.351s] Level 1:colcon.colcon_core.package_identification:_identify(.) by extension 'cmake'
[0.351s] Level 1:colcon.colcon_core.package_identification:_identify(.) by extension 'python'
[0.352s] Level 1:colcon.colcon_core.package_identification:_identify(.) by extensions ['python_setup_py']
[0.352s] Level 1:colcon.colcon_core.package_identification:_identify(.) by extension 'python_setup_py'
[0.352s] Level 1:colcon.colcon_core.package_identification:_identify(build) by extensions ['ignore', 'ignore_ament_install']
[0.352s] Level 1:colcon.colcon_core.package_identification:_identify(build) by extension 'ignore'
[0.352s] Level 1:colcon.colcon_core.package_identification:_identify(build) ignored
[0.352s] Level 1:colcon.colcon_core.package_identification:_identify(install) by extensions ['ignore', 'ignore_ament_install']
[0.352s] Level 1:colcon.colcon_core.package_identification:_identify(install) by extension 'ignore'
[0.352s] Level 1:colcon.colcon_core.package_identification:_identify(install) ignored
[0.352s] Level 1:colcon.colcon_core.package_identification:_identify(log) by extensions ['ignore', 'ignore_ament_install']
[0.352s] Level 1:colcon.colcon_core.package_identification:_identify(log) by extension 'ignore'
[0.352s] Level 1:colcon.colcon_core.package_identification:_identify(log) ignored
[0.353s] Level 1:colcon.colcon_core.package_identification:_identify(src) by extensions ['ignore', 'ignore_ament_install']
[0.353s] Level 1:colcon.colcon_core.package_identification:_identify(src) by extension 'ignore'
[0.353s] Level 1:colcon.colcon_core.package_identification:_identify(src) by extension 'ignore_ament_install'
[0.353s] Level 1:colcon.colcon_core.package_identification:_identify(src) by extensions ['colcon_pkg']
[0.353s] Level 1:colcon.colcon_core.package_identification:_identify(src) by extension 'colcon_pkg'
[0.353s] Level 1:colcon.colcon_core.package_identification:_identify(src) by extensions ['colcon_meta']
[0.353s] Level 1:colcon.colcon_core.package_identification:_identify(src) by extension 'colcon_meta'
[0.353s] Level 1:colcon.colcon_core.package_identification:_identify(src) by extensions ['ros']
[0.353s] Level 1:colcon.colcon_core.package_identification:_identify(src) by extension 'ros'
[0.353s] Level 1:colcon.colcon_core.package_identification:_identify(src) by extensions ['cmake', 'python']
[0.353s] Level 1:colcon.colcon_core.package_identification:_identify(src) by extension 'cmake'
[0.353s] Level 1:colcon.colcon_core.package_identification:_identify(src) by extension 'python'
[0.353s] Level 1:colcon.colcon_core.package_identification:_identify(src) by extensions ['python_setup_py']
[0.353s] Level 1:colcon.colcon_core.package_identification:_identify(src) by extension 'python_setup_py'
[0.353s] Level 1:colcon.colcon_core.package_identification:_identify(src/tourbot_bringup) by extensions ['ignore', 'ignore_ament_install']
[0.353s] Level 1:colcon.colcon_core.package_identification:_identify(src/tourbot_bringup) by extension 'ignore'
[0.353s] Level 1:colcon.colcon_core.package_identification:_identify(src/tourbot_bringup) by extension 'ignore_ament_install'
[0.353s] Level 1:colcon.colcon_core.package_identification:_identify(src/tourbot_bringup) by extensions ['colcon_pkg']
[0.353s] Level 1:colcon.colcon_core.package_identification:_identify(src/tourbot_bringup) by extension 'colcon_pkg'
[0.354s] Level 1:colcon.colcon_core.package_identification:_identify(src/tourbot_bringup) by extensions ['colcon_meta']
[0.354s] Level 1:colcon.colcon_core.package_identification:_identify(src/tourbot_bringup) by extension 'colcon_meta'
[0.354s] Level 1:colcon.colcon_core.package_identification:_identify(src/tourbot_bringup) by extensions ['ros']
[0.354s] Level 1:colcon.colcon_core.package_identification:_identify(src/tourbot_bringup) by extension 'ros'
[0.357s] DEBUG:colcon.colcon_core.package_identification:Package 'src/tourbot_bringup' with type 'ros.ament_python' and name 'tourbot_bringup'
[0.357s] Level 1:colcon.colcon_core.package_identification:_identify(src/tourbot_interfaces) by extensions ['ignore', 'ignore_ament_install']
[0.357s] Level 1:colcon.colcon_core.package_identification:_identify(src/tourbot_interfaces) by extension 'ignore'
[0.357s] Level 1:colcon.colcon_core.package_identification:_identify(src/tourbot_interfaces) by extension 'ignore_ament_install'
[0.357s] Level 1:colcon.colcon_core.package_identification:_identify(src/tourbot_interfaces) by extensions ['colcon_pkg']
[0.357s] Level 1:colcon.colcon_core.package_identification:_identify(src/tourbot_interfaces) by extension 'colcon_pkg'
[0.357s] Level 1:colcon.colcon_core.package_identification:_identify(src/tourbot_interfaces) by extensions ['colcon_meta']
[0.357s] Level 1:colcon.colcon_core.package_identification:_identify(src/tourbot_interfaces) by extension 'colcon_meta'
[0.357s] Level 1:colcon.colcon_core.package_identification:_identify(src/tourbot_interfaces) by extensions ['ros']
[0.357s] Level 1:colcon.colcon_core.package_identification:_identify(src/tourbot_interfaces) by extension 'ros'
[0.358s] DEBUG:colcon.colcon_core.package_identification:Package 'src/tourbot_interfaces' with type 'ros.ament_cmake' and name 'tourbot_interfaces'
[0.358s] Level 1:colcon.colcon_core.package_identification:_identify(src/tourbot_landmarks) by extensions ['ignore', 'ignore_ament_install']
[0.358s] Level 1:colcon.colcon_core.package_identification:_identify(src/tourbot_landmarks) by extension 'ignore'
[0.358s] Level 1:colcon.colcon_core.package_identification:_identify(src/tourbot_landmarks) by extension 'ignore_ament_install'
[0.358s] Level 1:colcon.colcon_core.package_identification:_identify(src/tourbot_landmarks) by extensions ['colcon_pkg']
[0.358s] Level 1:colcon.colcon_core.package_identification:_identify(src/tourbot_landmarks) by extension 'colcon_pkg'
[0.358s] Level 1:colcon.colcon_core.package_identification:_identify(src/tourbot_landmarks) by extensions ['colcon_meta']
[0.358s] Level 1:colcon.colcon_core.package_identification:_identify(src/tourbot_landmarks) by extension 'colcon_meta'
[0.358s] Level 1:colcon.colcon_core.package_identification:_identify(src/tourbot_landmarks) by extensions ['ros']
[0.358s] Level 1:colcon.colcon_core.package_identification:_identify(src/tourbot_landmarks) by extension 'ros'
[0.359s] DEBUG:colcon.colcon_core.package_identification:Package 'src/tourbot_landmarks' with type 'ros.ament_python' and name 'tourbot_landmarks'
[0.359s] Level 1:colcon.colcon_core.package_identification:_identify(src/tourbot_mission) by extensions ['ignore', 'ignore_ament_install']
[0.359s] Level 1:colcon.colcon_core.package_identification:_identify(src/tourbot_mission) by extension 'ignore'
[0.359s] Level 1:colcon.colcon_core.package_identification:_identify(src/tourbot_mission) by extension 'ignore_ament_install'
[0.359s] Level 1:colcon.colcon_core.package_identification:_identify(src/tourbot_mission) by extensions ['colcon_pkg']
[0.359s] Level 1:colcon.colcon_core.package_identification:_identify(src/tourbot_mission) by extension 'colcon_pkg'
[0.359s] Level 1:colcon.colcon_core.package_identification:_identify(src/tourbot_mission) by extensions ['colcon_meta']
[0.359s] Level 1:colcon.colcon_core.package_identification:_identify(src/tourbot_mission) by extension 'colcon_meta'
[0.359s] Level 1:colcon.colcon_core.package_identification:_identify(src/tourbot_mission) by extensions ['ros']
[0.359s] Level 1:colcon.colcon_core.package_identification:_identify(src/tourbot_mission) by extension 'ros'
[0.360s] DEBUG:colcon.colcon_core.package_identification:Package 'src/tourbot_mission' with type 'ros.ament_python' and name 'tourbot_mission'
[0.360s] Level 1:colcon.colcon_core.package_discovery:discover_packages(recursive) using defaults
[0.360s] Level 1:colcon.colcon_core.package_discovery:discover_packages(ignore) discover
[0.360s] Level 1:colcon.colcon_core.package_discovery:discover_packages(ignore) using defaults
[0.360s] Level 1:colcon.colcon_core.package_discovery:discover_packages(path) discover
[0.360s] Level 1:colcon.colcon_core.package_discovery:discover_packages(path) using defaults
[0.421s] INFO:colcon.colcon_core.package_selection:Skipping not selected package 'tourbot_bringup' in 'src/tourbot_bringup'
[0.421s] INFO:colcon.colcon_core.package_selection:Skipping not selected package 'tourbot_interfaces' in 'src/tourbot_interfaces'
[0.421s] INFO:colcon.colcon_core.package_selection:Skipping not selected package 'tourbot_landmarks' in 'src/tourbot_landmarks'
[0.421s] Level 1:colcon.colcon_core.package_discovery:discover_packages(prefix_path) check parameters
[0.421s] Level 1:colcon.colcon_core.package_discovery:discover_packages(prefix_path) discover
[0.433s] DEBUG:colcon.colcon_installed_package_information.package_discovery:Found 1 installed packages in /home/hyde/School/Intelligent-Robotics/tour_guide_robot/install
[0.445s] DEBUG:colcon.colcon_installed_package_information.package_discovery:Found 366 installed packages in /home/hyde/.ros2_jazzy/install
[0.448s] DEBUG:colcon.colcon_installed_package_information.package_discovery:Found 401 installed packages in /opt/ros/jazzy
[0.457s] Level 1:colcon.colcon_core.package_discovery:discover_packages(prefix_path) using defaults
[0.540s] Level 5:colcon.colcon_core.verb:set package 'tourbot_mission' build argument 'cmake_args' from command line to 'None'
[0.540s] Level 5:colcon.colcon_core.verb:set package 'tourbot_mission' build argument 'cmake_target' from command line to 'None'
[0.540s] Level 5:colcon.colcon_core.verb:set package 'tourbot_mission' build argument 'cmake_target_skip_unavailable' from command line to 'False'
[0.540s] Level 5:colcon.colcon_core.verb:set package 'tourbot_mission' build argument 'cmake_clean_cache' from command line to 'False'
[0.540s] Level 5:colcon.colcon_core.verb:set package 'tourbot_mission' build argument 'cmake_clean_first' from command line to 'False'
[0.540s] Level 5:colcon.colcon_core.verb:set package 'tourbot_mission' build argument 'cmake_force_configure' from command line to 'False'
[0.540s] Level 5:colcon.colcon_core.verb:set package 'tourbot_mission' build argument 'ament_cmake_args' from command line to 'None'
[0.540s] Level 5:colcon.colcon_core.verb:set package 'tourbot_mission' build argument 'catkin_cmake_args' from command line to 'None'
[0.540s] Level 5:colcon.colcon_core.verb:set package 'tourbot_mission' build argument 'catkin_skip_building_tests' from command line to 'False'
[0.540s] DEBUG:colcon.colcon_core.verb:Building package 'tourbot_mission' with the following arguments: {'ament_cmake_args': None, 'build_base': '/home/hyde/School/Intelligent-Robotics/tour_guide_robot/build/tourbot_mission', 'catkin_cmake_args': None, 'catkin_skip_building_tests': False, 'cmake_args': None, 'cmake_clean_cache': False, 'cmake_clean_first': False, 'cmake_force_configure': False, 'cmake_target': None, 'cmake_target_skip_unavailable': False, 'install_base': '/home/hyde/School/Intelligent-Robotics/tour_guide_robot/install/tourbot_mission', 'merge_install': False, 'path': '/home/hyde/School/Intelligent-Robotics/tour_guide_robot/src/tourbot_mission', 'symlink_install': False, 'test_result_base': None}
[0.540s] INFO:colcon.colcon_core.executor:Executing jobs using 'parallel' executor
[0.542s] DEBUG:colcon.colcon_parallel_executor.executor.parallel:run_until_complete
[0.542s] INFO:colcon.colcon_ros.task.ament_python.build:Building ROS package in '/home/hyde/School/Intelligent-Robotics/tour_guide_robot/src/tourbot_mission' with build type 'ament_python'
[0.542s] Level 1:colcon.colcon_core.shell:create_environment_hook('tourbot_mission', 'ament_prefix_path')
[0.548s] INFO:colcon.colcon_core.plugin_system:Skipping extension 'colcon_core.shell.bat': Not used on non-Windows systems
[0.548s] INFO:colcon.colcon_core.shell:Creating environment hook '/home/hyde/School/Intelligent-Robotics/tour_guide_robot/install/tourbot_mission/share/tourbot_mission/hook/ament_prefix_path.ps1'
[0.549s] INFO:colcon.colcon_core.shell:Creating environment descriptor '/home/hyde/School/Intelligent-Robotics/tour_guide_robot/install/tourbot_mission/share/tourbot_mission/hook/ament_prefix_path.dsv'
[0.550s] INFO:colcon.colcon_core.shell:Creating environment hook '/home/hyde/School/Intelligent-Robotics/tour_guide_robot/install/tourbot_mission/share/tourbot_mission/hook/ament_prefix_path.sh'
[0.550s] INFO:colcon.colcon_core.shell:Skip shell extension 'powershell' for command environment: Not usable outside of PowerShell
[0.550s] DEBUG:colcon.colcon_core.shell:Skip shell extension 'dsv' for command environment
[1.072s] INFO:colcon.colcon_core.task.python.build:Building Python package in '/home/hyde/School/Intelligent-Robotics/tour_guide_robot/src/tourbot_mission'
[1.073s] INFO:colcon.colcon_core.shell:Skip shell extension 'powershell' for command environment: Not usable outside of PowerShell
[1.073s] DEBUG:colcon.colcon_core.shell:Skip shell extension 'dsv' for command environment
[2.402s] DEBUG:colcon.colcon_core.event_handler.log_command:Invoking command in '/home/hyde/School/Intelligent-Robotics/tour_guide_robot/src/tourbot_mission': DEBUGINFOD_URLS=https://debuginfod.ubuntu.com PS1=(.venv) > $_LIBERTY PYTHONPATH=/home/hyde/School/Intelligent-Robotics/tour_guide_robot/build/tourbot_mission/prefix_override:/usr/lib/python3/dist-packages/colcon_core/task/python/colcon_distutils_commands:/home/hyde/School/Intelligent-Robotics/tour_guide_robot/install/tourbot_mission/lib/python3.12/site-packages:${PYTHONPATH} VIRTUAL_ENV_PROMPT=(.venv) /usr/bin/python3 -W ignore:setup.py install is deprecated -W ignore:easy_install command is deprecated setup.py egg_info --egg-base ../../build/tourbot_mission build --build-base /home/hyde/School/Intelligent-Robotics/tour_guide_robot/build/tourbot_mission/build install --record /home/hyde/School/Intelligent-Robotics/tour_guide_robot/build/tourbot_mission/install.log --single-version-externally-managed install_data
[3.667s] DEBUG:colcon.colcon_core.event_handler.log_command:Invoked command in '/home/hyde/School/Intelligent-Robotics/tour_guide_robot/src/tourbot_mission' returned '0': DEBUGINFOD_URLS=https://debuginfod.ubuntu.com PS1=(.venv) > $_LIBERTY PYTHONPATH=/home/hyde/School/Intelligent-Robotics/tour_guide_robot/build/tourbot_mission/prefix_override:/usr/lib/python3/dist-packages/colcon_core/task/python/colcon_distutils_commands:/home/hyde/School/Intelligent-Robotics/tour_guide_robot/install/tourbot_mission/lib/python3.12/site-packages:${PYTHONPATH} VIRTUAL_ENV_PROMPT=(.venv) /usr/bin/python3 -W ignore:setup.py install is deprecated -W ignore:easy_install command is deprecated setup.py egg_info --egg-base ../../build/tourbot_mission build --build-base /home/hyde/School/Intelligent-Robotics/tour_guide_robot/build/tourbot_mission/build install --record /home/hyde/School/Intelligent-Robotics/tour_guide_robot/build/tourbot_mission/install.log --single-version-externally-managed install_data
[3.681s] Level 1:colcon.colcon_core.environment:checking '/home/hyde/School/Intelligent-Robotics/tour_guide_robot/install/tourbot_mission' for CMake module files
[3.682s] Level 1:colcon.colcon_core.environment:checking '/home/hyde/School/Intelligent-Robotics/tour_guide_robot/install/tourbot_mission' for CMake config files
[3.683s] Level 1:colcon.colcon_core.environment:checking '/home/hyde/School/Intelligent-Robotics/tour_guide_robot/install/tourbot_mission/lib'
[3.683s] Level 1:colcon.colcon_core.environment:checking '/home/hyde/School/Intelligent-Robotics/tour_guide_robot/install/tourbot_mission/bin'
[3.683s] Level 1:colcon.colcon_core.environment:checking '/home/hyde/School/Intelligent-Robotics/tour_guide_robot/install/tourbot_mission/lib/pkgconfig/tourbot_mission.pc'
[3.683s] Level 1:colcon.colcon_core.environment:checking '/home/hyde/School/Intelligent-Robotics/tour_guide_robot/install/tourbot_mission/lib/python3.12/site-packages'
[3.683s] Level 1:colcon.colcon_core.shell:create_environment_hook('tourbot_mission', 'pythonpath')
[3.684s] INFO:colcon.colcon_core.shell:Creating environment hook '/home/hyde/School/Intelligent-Robotics/tour_guide_robot/install/tourbot_mission/share/tourbot_mission/hook/pythonpath.ps1'
[3.684s] INFO:colcon.colcon_core.shell:Creating environment descriptor '/home/hyde/School/Intelligent-Robotics/tour_guide_robot/install/tourbot_mission/share/tourbot_mission/hook/pythonpath.dsv'
[3.685s] INFO:colcon.colcon_core.shell:Creating environment hook '/home/hyde/School/Intelligent-Robotics/tour_guide_robot/install/tourbot_mission/share/tourbot_mission/hook/pythonpath.sh'
[3.685s] Level 1:colcon.colcon_core.environment:checking '/home/hyde/School/Intelligent-Robotics/tour_guide_robot/install/tourbot_mission/bin'
[3.685s] Level 1:colcon.colcon_core.environment:create_environment_scripts_only(tourbot_mission)
[3.686s] INFO:colcon.colcon_core.shell:Creating package script '/home/hyde/School/Intelligent-Robotics/tour_guide_robot/install/tourbot_mission/share/tourbot_mission/package.ps1'
[3.687s] INFO:colcon.colcon_core.shell:Creating package descriptor '/home/hyde/School/Intelligent-Robotics/tour_guide_robot/install/tourbot_mission/share/tourbot_mission/package.dsv'
[3.687s] INFO:colcon.colcon_core.shell:Creating package script '/home/hyde/School/Intelligent-Robotics/tour_guide_robot/install/tourbot_mission/share/tourbot_mission/package.sh'
[3.688s] INFO:colcon.colcon_core.shell:Creating package script '/home/hyde/School/Intelligent-Robotics/tour_guide_robot/install/tourbot_mission/share/tourbot_mission/package.bash'
[3.689s] INFO:colcon.colcon_core.shell:Creating package script '/home/hyde/School/Intelligent-Robotics/tour_guide_robot/install/tourbot_mission/share/tourbot_mission/package.zsh'
[3.689s] Level 1:colcon.colcon_core.environment:create_file_with_runtime_dependencies(/home/hyde/School/Intelligent-Robotics/tour_guide_robot/install/tourbot_mission/share/colcon-core/packages/tourbot_mission)
[3.690s] DEBUG:colcon.colcon_parallel_executor.executor.parallel:closing loop
[3.690s] DEBUG:colcon.colcon_parallel_executor.executor.parallel:loop closed
[3.690s] DEBUG:colcon.colcon_parallel_executor.executor.parallel:run_until_complete finished with '0'
[3.690s] DEBUG:colcon.colcon_core.event_reactor:joining thread
[3.720s] INFO:colcon.colcon_core.plugin_system:Skipping extension 'colcon_notification.desktop_notification.terminal_notifier': Not used on non-Darwin systems
[3.720s] INFO:colcon.colcon_core.plugin_system:Skipping extension 'colcon_notification.desktop_notification.win32': Not used on non-Windows systems
[3.720s] INFO:colcon.colcon_notification.desktop_notification:Sending desktop notification using 'notify2'
[3.776s] DEBUG:colcon.colcon_core.event_reactor:joined thread
[3.780s] INFO:colcon.colcon_core.shell:Creating prefix script '/home/hyde/School/Intelligent-Robotics/tour_guide_robot/install/local_setup.ps1'
[3.784s] INFO:colcon.colcon_core.shell:Creating prefix util module '/home/hyde/School/Intelligent-Robotics/tour_guide_robot/install/_local_setup_util_ps1.py'
[3.786s] INFO:colcon.colcon_core.shell:Creating prefix chain script '/home/hyde/School/Intelligent-Robotics/tour_guide_robot/install/setup.ps1'
[3.809s] INFO:colcon.colcon_core.shell:Creating prefix script '/home/hyde/School/Intelligent-Robotics/tour_guide_robot/install/local_setup.sh'
[3.812s] INFO:colcon.colcon_core.shell:Creating prefix util module '/home/hyde/School/Intelligent-Robotics/tour_guide_robot/install/_local_setup_util_sh.py'
[3.815s] INFO:colcon.colcon_core.shell:Creating prefix chain script '/home/hyde/School/Intelligent-Robotics/tour_guide_robot/install/setup.sh'
[3.837s] INFO:colcon.colcon_core.shell:Creating prefix script '/home/hyde/School/Intelligent-Robotics/tour_guide_robot/install/local_setup.bash'
[3.838s] INFO:colcon.colcon_core.shell:Creating prefix chain script '/home/hyde/School/Intelligent-Robotics/tour_guide_robot/install/setup.bash'
[3.857s] INFO:colcon.colcon_core.shell:Creating prefix script '/home/hyde/School/Intelligent-Robotics/tour_guide_robot/install/local_setup.zsh'
[3.857s] INFO:colcon.colcon_core.shell:Creating prefix chain script '/home/hyde/School/Intelligent-Robotics/tour_guide_robot/install/setup.zsh'
