[1.906s] Invoking command in '/home/hyde/School/Intelligent-Robotics/tour_guide_robot/build/tourbot_mission': DEBUGINFOD_URLS=https://debuginfod.ubuntu.com PS1=(.venv) > $_LIBERTY PYTHONPATH=/home/hyde/School/Intelligent-Robotics/tour_guide_robot/build/tourbot_mission/prefix_override:/usr/lib/python3/dist-packages/colcon_core/task/python/colcon_distutils_commands:/home/hyde/School/Intelligent-Robotics/tour_guide_robot/install/tourbot_mission/lib/python3.12/site-packages:${PYTHONPATH} VIRTUAL_ENV_PROMPT=(.venv) /usr/bin/python3 -W ignore:setup.py install is deprecated -W ignore:easy_install command is deprecated setup.py develop --editable --build-directory /home/hyde/School/Intelligent-Robotics/tour_guide_robot/build/tourbot_mission/build --no-deps symlink_data
[2.620s] running develop
[2.951s] /usr/lib/python3/dist-packages/setuptools/command/easy_install.py:363: UserWarning: Unbuilt egg for pytest-repeat [unknown version] (/usr/lib/python3/dist-packages)
[2.952s]   self.local_index = Environment(self.shadow_path + sys.path)
[3.010s] running egg_info
[3.010s] creating tourbot_mission.egg-info
[3.045s] writing tourbot_mission.egg-info/PKG-INFO
[3.046s] writing dependency_links to tourbot_mission.egg-info/dependency_links.txt
[3.046s] writing entry points to tourbot_mission.egg-info/entry_points.txt
[3.046s] writing requirements to tourbot_mission.egg-info/requires.txt
[3.046s] writing top-level names to tourbot_mission.egg-info/top_level.txt
[3.046s] writing manifest file 'tourbot_mission.egg-info/SOURCES.txt'
[3.115s] reading manifest file 'tourbot_mission.egg-info/SOURCES.txt'
[3.116s] writing manifest file 'tourbot_mission.egg-info/SOURCES.txt'
[3.158s] running build_ext
[3.158s] Creating /home/hyde/School/Intelligent-Robotics/tour_guide_robot/install/tourbot_mission/lib/python3.12/site-packages/tourbot-mission.egg-link (link to .)
[3.158s] Installing door_detector_node script to /home/hyde/School/Intelligent-Robotics/tour_guide_robot/install/tourbot_mission/lib/tourbot_mission
[3.159s] Installing tour_deliberation_node script to /home/hyde/School/Intelligent-Robotics/tour_guide_robot/install/tourbot_mission/lib/tourbot_mission
[3.159s] 
[3.159s] Installed /home/hyde/School/Intelligent-Robotics/tour_guide_robot/build/tourbot_mission
[3.159s] running symlink_data
[3.159s] creating /home/hyde/School/Intelligent-Robotics/tour_guide_robot/install/tourbot_mission/share/ament_index
[3.159s] creating /home/hyde/School/Intelligent-Robotics/tour_guide_robot/install/tourbot_mission/share/ament_index/resource_index
[3.159s] creating /home/hyde/School/Intelligent-Robotics/tour_guide_robot/install/tourbot_mission/share/ament_index/resource_index/packages
[3.159s] symbolically linking /home/hyde/School/Intelligent-Robotics/tour_guide_robot/build/tourbot_mission/resource/tourbot_mission -> /home/hyde/School/Intelligent-Robotics/tour_guide_robot/install/tourbot_mission/share/ament_index/resource_index/packages
[3.159s] symbolically linking /home/hyde/School/Intelligent-Robotics/tour_guide_robot/build/tourbot_mission/package.xml -> /home/hyde/School/Intelligent-Robotics/tour_guide_robot/install/tourbot_mission/share/tourbot_mission
[3.223s] Invoked command in '/home/hyde/School/Intelligent-Robotics/tour_guide_robot/build/tourbot_mission' returned '0': DEBUGINFOD_URLS=https://debuginfod.ubuntu.com PS1=(.venv) > $_LIBERTY PYTHONPATH=/home/hyde/School/Intelligent-Robotics/tour_guide_robot/build/tourbot_mission/prefix_override:/usr/lib/python3/dist-packages/colcon_core/task/python/colcon_distutils_commands:/home/hyde/School/Intelligent-Robotics/tour_guide_robot/install/tourbot_mission/lib/python3.12/site-packages:${PYTHONPATH} VIRTUAL_ENV_PROMPT=(.venv) /usr/bin/python3 -W ignore:setup.py install is deprecated -W ignore:easy_install command is deprecated setup.py develop --editable --build-directory /home/hyde/School/Intelligent-Robotics/tour_guide_robot/build/tourbot_mission/build --no-deps symlink_data
