running egg_info
creating ../../build/tourbot_mission/tourbot_mission.egg-info
writing ../../build/tourbot_mission/tourbot_mission.egg-info/PKG-INFO
writing dependency_links to ../../build/tourbot_mission/tourbot_mission.egg-info/dependency_links.txt
writing requirements to ../../build/tourbot_mission/tourbot_mission.egg-info/requires.txt
writing top-level names to ../../build/tourbot_mission/tourbot_mission.egg-info/top_level.txt
writing manifest file '../../build/tourbot_mission/tourbot_mission.egg-info/SOURCES.txt'
reading manifest file '../../build/tourbot_mission/tourbot_mission.egg-info/SOURCES.txt'
writing manifest file '../../build/tourbot_mission/tourbot_mission.egg-info/SOURCES.txt'
running build
running build_py
creating /home/hyde/School/Intelligent-Robotics/tour_guide_robot/build/tourbot_mission/build
creating /home/hyde/School/Intelligent-Robotics/tour_guide_robot/build/tourbot_mission/build/lib
creating /home/hyde/School/Intelligent-Robotics/tour_guide_robot/build/tourbot_mission/build/lib/tourbot_mission
copying tourbot_mission/tour_deliberation_node.py -> /home/hyde/School/Intelligent-Robotics/tour_guide_robot/build/tourbot_mission/build/lib/tourbot_mission
copying tourbot_mission/__init__.py -> /home/hyde/School/Intelligent-Robotics/tour_guide_robot/build/tourbot_mission/build/lib/tourbot_mission
copying tourbot_mission/nav_to_pose_client.py -> /home/hyde/School/Intelligent-Robotics/tour_guide_robot/build/tourbot_mission/build/lib/tourbot_mission
running install
running install_lib
creating /home/hyde/School/Intelligent-Robotics/tour_guide_robot/install/tourbot_mission/lib/python3.12/site-packages/tourbot_mission
copying /home/hyde/School/Intelligent-Robotics/tour_guide_robot/build/tourbot_mission/build/lib/tourbot_mission/tour_deliberation_node.py -> /home/hyde/School/Intelligent-Robotics/tour_guide_robot/install/tourbot_mission/lib/python3.12/site-packages/tourbot_mission
copying /home/hyde/School/Intelligent-Robotics/tour_guide_robot/build/tourbot_mission/build/lib/tourbot_mission/__init__.py -> /home/hyde/School/Intelligent-Robotics/tour_guide_robot/install/tourbot_mission/lib/python3.12/site-packages/tourbot_mission
copying /home/hyde/School/Intelligent-Robotics/tour_guide_robot/build/tourbot_mission/build/lib/tourbot_mission/nav_to_pose_client.py -> /home/hyde/School/Intelligent-Robotics/tour_guide_robot/install/tourbot_mission/lib/python3.12/site-packages/tourbot_mission
byte-compiling /home/hyde/School/Intelligent-Robotics/tour_guide_robot/install/tourbot_mission/lib/python3.12/site-packages/tourbot_mission/tour_deliberation_node.py to tour_deliberation_node.cpython-312.pyc
byte-compiling /home/hyde/School/Intelligent-Robotics/tour_guide_robot/install/tourbot_mission/lib/python3.12/site-packages/tourbot_mission/__init__.py to __init__.cpython-312.pyc
byte-compiling /home/hyde/School/Intelligent-Robotics/tour_guide_robot/install/tourbot_mission/lib/python3.12/site-packages/tourbot_mission/nav_to_pose_client.py to nav_to_pose_client.cpython-312.pyc
running install_data
creating /home/hyde/School/Intelligent-Robotics/tour_guide_robot/install/tourbot_mission/share/ament_index
creating /home/hyde/School/Intelligent-Robotics/tour_guide_robot/install/tourbot_mission/share/ament_index/resource_index
creating /home/hyde/School/Intelligent-Robotics/tour_guide_robot/install/tourbot_mission/share/ament_index/resource_index/packages
copying resource/tourbot_mission -> /home/hyde/School/Intelligent-Robotics/tour_guide_robot/install/tourbot_mission/share/ament_index/resource_index/packages
copying package.xml -> /home/hyde/School/Intelligent-Robotics/tour_guide_robot/install/tourbot_mission/share/tourbot_mission
running install_egg_info
Copying ../../build/tourbot_mission/tourbot_mission.egg-info to /home/hyde/School/Intelligent-Robotics/tour_guide_robot/install/tourbot_mission/lib/python3.12/site-packages/tourbot_mission-0.0.0-py3.12.egg-info
running install_scripts
writing list of installed files to '/home/hyde/School/Intelligent-Robotics/tour_guide_robot/build/tourbot_mission/install.log'
