[2.001s] Invoking command in '/home/hyde/School/Intelligent-Robotics/tour_guide_robot/src/tourbot_mission': DEBUGINFOD_URLS=https://debuginfod.ubuntu.com PS1=(.venv) > $_LIBERTY PYTHONPATH=/home/hyde/School/Intelligent-Robotics/tour_guide_robot/build/tourbot_mission/prefix_override:/usr/lib/python3/dist-packages/colcon_core/task/python/colcon_distutils_commands:/home/hyde/School/Intelligent-Robotics/tour_guide_robot/install/tourbot_mission/lib/python3.12/site-packages:${PYTHONPATH} VIRTUAL_ENV_PROMPT=(.venv) /usr/bin/python3 -W ignore:setup.py install is deprecated -W ignore:easy_install command is deprecated setup.py egg_info --egg-base ../../build/tourbot_mission build --build-base /home/hyde/School/Intelligent-Robotics/tour_guide_robot/build/tourbot_mission/build install --record /home/hyde/School/Intelligent-Robotics/tour_guide_robot/build/tourbot_mission/install.log --single-version-externally-managed install_data
[2.595s] running egg_info
[2.595s] creating ../../build/tourbot_mission/tourbot_mission.egg-info
[2.627s] writing ../../build/tourbot_mission/tourbot_mission.egg-info/PKG-INFO
[2.628s] writing dependency_links to ../../build/tourbot_mission/tourbot_mission.egg-info/dependency_links.txt
[2.628s] writing requirements to ../../build/tourbot_mission/tourbot_mission.egg-info/requires.txt
[2.628s] writing top-level names to ../../build/tourbot_mission/tourbot_mission.egg-info/top_level.txt
[2.628s] writing manifest file '../../build/tourbot_mission/tourbot_mission.egg-info/SOURCES.txt'
[2.695s] reading manifest file '../../build/tourbot_mission/tourbot_mission.egg-info/SOURCES.txt'
[2.696s] writing manifest file '../../build/tourbot_mission/tourbot_mission.egg-info/SOURCES.txt'
[2.696s] running build
[2.696s] running build_py
[2.696s] creating /home/hyde/School/Intelligent-Robotics/tour_guide_robot/build/tourbot_mission/build
[2.697s] creating /home/hyde/School/Intelligent-Robotics/tour_guide_robot/build/tourbot_mission/build/lib
[2.697s] creating /home/hyde/School/Intelligent-Robotics/tour_guide_robot/build/tourbot_mission/build/lib/tourbot_mission
[2.697s] copying tourbot_mission/tour_deliberation_node.py -> /home/hyde/School/Intelligent-Robotics/tour_guide_robot/build/tourbot_mission/build/lib/tourbot_mission
[2.697s] copying tourbot_mission/__init__.py -> /home/hyde/School/Intelligent-Robotics/tour_guide_robot/build/tourbot_mission/build/lib/tourbot_mission
[2.697s] copying tourbot_mission/nav_to_pose_client.py -> /home/hyde/School/Intelligent-Robotics/tour_guide_robot/build/tourbot_mission/build/lib/tourbot_mission
[2.697s] running install
[2.703s] running install_lib
[2.737s] creating /home/hyde/School/Intelligent-Robotics/tour_guide_robot/install/tourbot_mission/lib/python3.12/site-packages/tourbot_mission
[2.737s] copying /home/hyde/School/Intelligent-Robotics/tour_guide_robot/build/tourbot_mission/build/lib/tourbot_mission/tour_deliberation_node.py -> /home/hyde/School/Intelligent-Robotics/tour_guide_robot/install/tourbot_mission/lib/python3.12/site-packages/tourbot_mission
[2.737s] copying /home/hyde/School/Intelligent-Robotics/tour_guide_robot/build/tourbot_mission/build/lib/tourbot_mission/__init__.py -> /home/hyde/School/Intelligent-Robotics/tour_guide_robot/install/tourbot_mission/lib/python3.12/site-packages/tourbot_mission
[2.738s] copying /home/hyde/School/Intelligent-Robotics/tour_guide_robot/build/tourbot_mission/build/lib/tourbot_mission/nav_to_pose_client.py -> /home/hyde/School/Intelligent-Robotics/tour_guide_robot/install/tourbot_mission/lib/python3.12/site-packages/tourbot_mission
[2.739s] byte-compiling /home/hyde/School/Intelligent-Robotics/tour_guide_robot/install/tourbot_mission/lib/python3.12/site-packages/tourbot_mission/tour_deliberation_node.py to tour_deliberation_node.cpython-312.pyc
[2.739s] byte-compiling /home/hyde/School/Intelligent-Robotics/tour_guide_robot/install/tourbot_mission/lib/python3.12/site-packages/tourbot_mission/__init__.py to __init__.cpython-312.pyc
[2.739s] byte-compiling /home/hyde/School/Intelligent-Robotics/tour_guide_robot/install/tourbot_mission/lib/python3.12/site-packages/tourbot_mission/nav_to_pose_client.py to nav_to_pose_client.cpython-312.pyc
[2.740s] running install_data
[2.740s] creating /home/hyde/School/Intelligent-Robotics/tour_guide_robot/install/tourbot_mission/share/ament_index
[2.740s] creating /home/hyde/School/Intelligent-Robotics/tour_guide_robot/install/tourbot_mission/share/ament_index/resource_index
[2.740s] creating /home/hyde/School/Intelligent-Robotics/tour_guide_robot/install/tourbot_mission/share/ament_index/resource_index/packages
[2.740s] copying resource/tourbot_mission -> /home/hyde/School/Intelligent-Robotics/tour_guide_robot/install/tourbot_mission/share/ament_index/resource_index/packages
[2.740s] copying package.xml -> /home/hyde/School/Intelligent-Robotics/tour_guide_robot/install/tourbot_mission/share/tourbot_mission
[2.740s] running install_egg_info
[2.776s] Copying ../../build/tourbot_mission/tourbot_mission.egg-info to /home/hyde/School/Intelligent-Robotics/tour_guide_robot/install/tourbot_mission/lib/python3.12/site-packages/tourbot_mission-0.0.0-py3.12.egg-info
[2.776s] running install_scripts
[3.018s] writing list of installed files to '/home/hyde/School/Intelligent-Robotics/tour_guide_robot/build/tourbot_mission/install.log'
[3.056s] Invoked command in '/home/hyde/School/Intelligent-Robotics/tour_guide_robot/src/tourbot_mission' returned '0': DEBUGINFOD_URLS=https://debuginfod.ubuntu.com PS1=(.venv) > $_LIBERTY PYTHONPATH=/home/hyde/School/Intelligent-Robotics/tour_guide_robot/build/tourbot_mission/prefix_override:/usr/lib/python3/dist-packages/colcon_core/task/python/colcon_distutils_commands:/home/hyde/School/Intelligent-Robotics/tour_guide_robot/install/tourbot_mission/lib/python3.12/site-packages:${PYTHONPATH} VIRTUAL_ENV_PROMPT=(.venv) /usr/bin/python3 -W ignore:setup.py install is deprecated -W ignore:easy_install command is deprecated setup.py egg_info --egg-base ../../build/tourbot_mission build --build-base /home/hyde/School/Intelligent-Robotics/tour_guide_robot/build/tourbot_mission/build install --record /home/hyde/School/Intelligent-Robotics/tour_guide_robot/build/tourbot_mission/install.log --single-version-externally-managed install_data
