[1.828s] Invoking command in '/home/hyde/School/Intelligent-Robotics/tour_guide_robot/build/tourbot_mission': DEBUGINFOD_URLS=https://debuginfod.ubuntu.com PS1=(.venv) > $_LIBERTY PYTHONPATH=/home/hyde/School/Intelligent-Robotics/tour_guide_robot/build/tourbot_mission/prefix_override:/usr/lib/python3/dist-packages/colcon_core/task/python/colcon_distutils_commands:/home/hyde/School/Intelligent-Robotics/tour_guide_robot/install/tourbot_mission/lib/python3.12/site-packages:${PYTHONPATH} VIRTUAL_ENV_PROMPT=(.venv) /usr/bin/python3 -W ignore:setup.py install is deprecated -W ignore:easy_install command is deprecated setup.py develop --editable --build-directory /home/hyde/School/Intelligent-Robotics/tour_guide_robot/build/tourbot_mission/build --no-deps symlink_data
[2.556s] running develop
[2.849s] /usr/lib/python3/dist-packages/setuptools/command/easy_install.py:363: UserWarning: Unbuilt egg for pytest-repeat [unknown version] (/usr/lib/python3/dist-packages)
[2.849s]   self.local_index = Environment(self.shadow_path + sys.path)
[2.941s] running egg_info
[2.977s] writing tourbot_mission.egg-info/PKG-INFO
[2.977s] writing dependency_links to tourbot_mission.egg-info/dependency_links.txt
[2.977s] writing entry points to tourbot_mission.egg-info/entry_points.txt
[2.978s] writing requirements to tourbot_mission.egg-info/requires.txt
[2.978s] writing top-level names to tourbot_mission.egg-info/top_level.txt
[3.048s] reading manifest file 'tourbot_mission.egg-info/SOURCES.txt'
[3.049s] writing manifest file 'tourbot_mission.egg-info/SOURCES.txt'
[3.089s] running build_ext
[3.089s] Creating /home/hyde/School/Intelligent-Robotics/tour_guide_robot/install/tourbot_mission/lib/python3.12/site-packages/tourbot-mission.egg-link (link to .)
[3.091s] Installing door_detector_node script to /home/hyde/School/Intelligent-Robotics/tour_guide_robot/install/tourbot_mission/lib/tourbot_mission
[3.091s] Installing tour_deliberation_node script to /home/hyde/School/Intelligent-Robotics/tour_guide_robot/install/tourbot_mission/lib/tourbot_mission
[3.092s] 
[3.092s] Installed /home/hyde/School/Intelligent-Robotics/tour_guide_robot/build/tourbot_mission
[3.092s] running symlink_data
[3.143s] Invoked command in '/home/hyde/School/Intelligent-Robotics/tour_guide_robot/build/tourbot_mission' returned '0': DEBUGINFOD_URLS=https://debuginfod.ubuntu.com PS1=(.venv) > $_LIBERTY PYTHONPATH=/home/hyde/School/Intelligent-Robotics/tour_guide_robot/build/tourbot_mission/prefix_override:/usr/lib/python3/dist-packages/colcon_core/task/python/colcon_distutils_commands:/home/hyde/School/Intelligent-Robotics/tour_guide_robot/install/tourbot_mission/lib/python3.12/site-packages:${PYTHONPATH} VIRTUAL_ENV_PROMPT=(.venv) /usr/bin/python3 -W ignore:setup.py install is deprecated -W ignore:easy_install command is deprecated setup.py develop --editable --build-directory /home/hyde/School/Intelligent-Robotics/tour_guide_robot/build/tourbot_mission/build --no-deps symlink_data
