running develop
running egg_info
creating tourbot_mission.egg-info
writing tourbot_mission.egg-info/PKG-INFO
writing dependency_links to tourbot_mission.egg-info/dependency_links.txt
writing entry points to tourbot_mission.egg-info/entry_points.txt
writing requirements to tourbot_mission.egg-info/requires.txt
writing top-level names to tourbot_mission.egg-info/top_level.txt
writing manifest file 'tourbot_mission.egg-info/SOURCES.txt'
reading manifest file 'tourbot_mission.egg-info/SOURCES.txt'
writing manifest file 'tourbot_mission.egg-info/SOURCES.txt'
running build_ext
Creating /home/hyde/School/Intelligent-Robotics/tour_guide_robot/install/tourbot_mission/lib/python3.12/site-packages/tourbot-mission.egg-link (link to .)
Installing tour_deliberation_node script to /home/hyde/School/Intelligent-Robotics/tour_guide_robot/install/tourbot_mission/lib/tourbot_mission

Installed /home/hyde/School/Intelligent-Robotics/tour_guide_robot/build/tourbot_mission
running symlink_data
creating /home/hyde/School/Intelligent-Robotics/tour_guide_robot/install/tourbot_mission/share/ament_index
creating /home/hyde/School/Intelligent-Robotics/tour_guide_robot/install/tourbot_mission/share/ament_index/resource_index
creating /home/hyde/School/Intelligent-Robotics/tour_guide_robot/install/tourbot_mission/share/ament_index/resource_index/packages
symbolically linking /home/hyde/School/Intelligent-Robotics/tour_guide_robot/build/tourbot_mission/resource/tourbot_mission -> /home/hyde/School/Intelligent-Robotics/tour_guide_robot/install/tourbot_mission/share/ament_index/resource_index/packages
symbolically linking /home/hyde/School/Intelligent-Robotics/tour_guide_robot/build/tourbot_mission/package.xml -> /home/hyde/School/Intelligent-Robotics/tour_guide_robot/install/tourbot_mission/share/tourbot_mission
